0 info it worked if it ends with ok
1 verbose cli [ '/usr/local/bin/node', '/usr/local/bin/npm', 'install' ]
2 info using npm@1.4.28
3 info using node@v0.10.32
4 verbose readDependencies using package.json deps
5 verbose install where, deps [ '/var/www/clients/client1/web26/web',
5 verbose install   [ 'body-parser',
5 verbose install     'connect-busboy',
5 verbose install     'express',
5 verbose install     'gcloud',
5 verbose install     'mongodb',
5 verbose install     'node-uuid',
5 verbose install     'csv',
5 verbose install     'fs' ] ]
6 info preinstall Streets@0.1.0
7 verbose readDependencies using package.json deps
8 verbose cache add [ 'express@^4.9.7', null ]
9 verbose cache add name=undefined spec="express@^4.9.7" args=["express@^4.9.7",null]
10 verbose parsed url { protocol: null,
10 verbose parsed url   slashes: null,
10 verbose parsed url   auth: null,
10 verbose parsed url   host: null,
10 verbose parsed url   port: null,
10 verbose parsed url   hostname: null,
10 verbose parsed url   hash: null,
10 verbose parsed url   search: null,
10 verbose parsed url   query: null,
10 verbose parsed url   pathname: 'express@^4.9.7',
10 verbose parsed url   path: 'express@^4.9.7',
10 verbose parsed url   href: 'express@^4.9.7' }
11 verbose cache add [ 'gcloud@^0.8.1', null ]
12 verbose cache add name=undefined spec="gcloud@^0.8.1" args=["gcloud@^0.8.1",null]
13 verbose parsed url { protocol: null,
13 verbose parsed url   slashes: null,
13 verbose parsed url   auth: null,
13 verbose parsed url   host: null,
13 verbose parsed url   port: null,
13 verbose parsed url   hostname: null,
13 verbose parsed url   hash: null,
13 verbose parsed url   search: null,
13 verbose parsed url   query: null,
13 verbose parsed url   pathname: 'gcloud@^0.8.1',
13 verbose parsed url   path: 'gcloud@^0.8.1',
13 verbose parsed url   href: 'gcloud@^0.8.1' }
14 verbose cache add [ 'mongodb@^1.4.19', null ]
15 verbose cache add name=undefined spec="mongodb@^1.4.19" args=["mongodb@^1.4.19",null]
16 verbose parsed url { protocol: null,
16 verbose parsed url   slashes: null,
16 verbose parsed url   auth: null,
16 verbose parsed url   host: null,
16 verbose parsed url   port: null,
16 verbose parsed url   hostname: null,
16 verbose parsed url   hash: null,
16 verbose parsed url   search: null,
16 verbose parsed url   query: null,
16 verbose parsed url   pathname: 'mongodb@^1.4.19',
16 verbose parsed url   path: 'mongodb@^1.4.19',
16 verbose parsed url   href: 'mongodb@^1.4.19' }
17 verbose cache add [ 'node-uuid@^1.4.1', null ]
18 verbose cache add name=undefined spec="node-uuid@^1.4.1" args=["node-uuid@^1.4.1",null]
19 verbose parsed url { protocol: null,
19 verbose parsed url   slashes: null,
19 verbose parsed url   auth: null,
19 verbose parsed url   host: null,
19 verbose parsed url   port: null,
19 verbose parsed url   hostname: null,
19 verbose parsed url   hash: null,
19 verbose parsed url   search: null,
19 verbose parsed url   query: null,
19 verbose parsed url   pathname: 'node-uuid@^1.4.1',
19 verbose parsed url   path: 'node-uuid@^1.4.1',
19 verbose parsed url   href: 'node-uuid@^1.4.1' }
20 verbose cache add name="express" spec="^4.9.7" args=["express","^4.9.7"]
21 verbose parsed url { protocol: null,
21 verbose parsed url   slashes: null,
21 verbose parsed url   auth: null,
21 verbose parsed url   host: null,
21 verbose parsed url   port: null,
21 verbose parsed url   hostname: null,
21 verbose parsed url   hash: null,
21 verbose parsed url   search: null,
21 verbose parsed url   query: null,
21 verbose parsed url   pathname: '^4.9.7',
21 verbose parsed url   path: '^4.9.7',
21 verbose parsed url   href: '^4.9.7' }
22 verbose addNamed [ 'express', '^4.9.7' ]
23 verbose addNamed [ null, '>=4.9.7-0 <5.0.0-0' ]
24 verbose cache add name="gcloud" spec="^0.8.1" args=["gcloud","^0.8.1"]
25 verbose parsed url { protocol: null,
25 verbose parsed url   slashes: null,
25 verbose parsed url   auth: null,
25 verbose parsed url   host: null,
25 verbose parsed url   port: null,
25 verbose parsed url   hostname: null,
25 verbose parsed url   hash: null,
25 verbose parsed url   search: null,
25 verbose parsed url   query: null,
25 verbose parsed url   pathname: '^0.8.1',
25 verbose parsed url   path: '^0.8.1',
25 verbose parsed url   href: '^0.8.1' }
26 verbose addNamed [ 'gcloud', '^0.8.1' ]
27 verbose addNamed [ null, '>=0.8.1-0 <0.9.0-0' ]
28 verbose cache add name="mongodb" spec="^1.4.19" args=["mongodb","^1.4.19"]
29 verbose parsed url { protocol: null,
29 verbose parsed url   slashes: null,
29 verbose parsed url   auth: null,
29 verbose parsed url   host: null,
29 verbose parsed url   port: null,
29 verbose parsed url   hostname: null,
29 verbose parsed url   hash: null,
29 verbose parsed url   search: null,
29 verbose parsed url   query: null,
29 verbose parsed url   pathname: '^1.4.19',
29 verbose parsed url   path: '^1.4.19',
29 verbose parsed url   href: '^1.4.19' }
30 verbose addNamed [ 'mongodb', '^1.4.19' ]
31 verbose addNamed [ null, '>=1.4.19-0 <2.0.0-0' ]
32 verbose cache add [ 'csv@^0.4.0', null ]
33 verbose cache add name=undefined spec="csv@^0.4.0" args=["csv@^0.4.0",null]
34 verbose parsed url { protocol: null,
34 verbose parsed url   slashes: null,
34 verbose parsed url   auth: null,
34 verbose parsed url   host: null,
34 verbose parsed url   port: null,
34 verbose parsed url   hostname: null,
34 verbose parsed url   hash: null,
34 verbose parsed url   search: null,
34 verbose parsed url   query: null,
34 verbose parsed url   pathname: 'csv@^0.4.0',
34 verbose parsed url   path: 'csv@^0.4.0',
34 verbose parsed url   href: 'csv@^0.4.0' }
35 verbose cache add [ 'fs@0.0.2', null ]
36 verbose cache add name=undefined spec="fs@0.0.2" args=["fs@0.0.2",null]
37 verbose parsed url { protocol: null,
37 verbose parsed url   slashes: null,
37 verbose parsed url   auth: null,
37 verbose parsed url   host: null,
37 verbose parsed url   port: null,
37 verbose parsed url   hostname: null,
37 verbose parsed url   hash: null,
37 verbose parsed url   search: null,
37 verbose parsed url   query: null,
37 verbose parsed url   pathname: 'fs@0.0.2',
37 verbose parsed url   path: 'fs@0.0.2',
37 verbose parsed url   href: 'fs@0.0.2' }
38 verbose cache add [ 'body-parser@~1.0.1', null ]
39 verbose cache add name=undefined spec="body-parser@~1.0.1" args=["body-parser@~1.0.1",null]
40 verbose parsed url { protocol: null,
40 verbose parsed url   slashes: null,
40 verbose parsed url   auth: null,
40 verbose parsed url   host: null,
40 verbose parsed url   port: null,
40 verbose parsed url   hostname: null,
40 verbose parsed url   hash: null,
40 verbose parsed url   search: null,
40 verbose parsed url   query: null,
40 verbose parsed url   pathname: 'body-parser@~1.0.1',
40 verbose parsed url   path: 'body-parser@~1.0.1',
40 verbose parsed url   href: 'body-parser@~1.0.1' }
41 verbose cache add [ 'connect-busboy@0.0.2', null ]
42 verbose cache add name=undefined spec="connect-busboy@0.0.2" args=["connect-busboy@0.0.2",null]
43 verbose parsed url { protocol: null,
43 verbose parsed url   slashes: null,
43 verbose parsed url   auth: null,
43 verbose parsed url   host: null,
43 verbose parsed url   port: null,
43 verbose parsed url   hostname: null,
43 verbose parsed url   hash: null,
43 verbose parsed url   search: null,
43 verbose parsed url   query: null,
43 verbose parsed url   pathname: 'connect-busboy@0.0.2',
43 verbose parsed url   path: 'connect-busboy@0.0.2',
43 verbose parsed url   href: 'connect-busboy@0.0.2' }
44 verbose cache add name="node-uuid" spec="^1.4.1" args=["node-uuid","^1.4.1"]
45 verbose parsed url { protocol: null,
45 verbose parsed url   slashes: null,
45 verbose parsed url   auth: null,
45 verbose parsed url   host: null,
45 verbose parsed url   port: null,
45 verbose parsed url   hostname: null,
45 verbose parsed url   hash: null,
45 verbose parsed url   search: null,
45 verbose parsed url   query: null,
45 verbose parsed url   pathname: '^1.4.1',
45 verbose parsed url   path: '^1.4.1',
45 verbose parsed url   href: '^1.4.1' }
46 verbose addNamed [ 'node-uuid', '^1.4.1' ]
47 verbose addNamed [ null, '>=1.4.1-0 <2.0.0-0' ]
48 verbose cache add name="csv" spec="^0.4.0" args=["csv","^0.4.0"]
49 verbose parsed url { protocol: null,
49 verbose parsed url   slashes: null,
49 verbose parsed url   auth: null,
49 verbose parsed url   host: null,
49 verbose parsed url   port: null,
49 verbose parsed url   hostname: null,
49 verbose parsed url   hash: null,
49 verbose parsed url   search: null,
49 verbose parsed url   query: null,
49 verbose parsed url   pathname: '^0.4.0',
49 verbose parsed url   path: '^0.4.0',
49 verbose parsed url   href: '^0.4.0' }
50 verbose addNamed [ 'csv', '^0.4.0' ]
51 verbose addNamed [ null, '>=0.4.0-0 <0.5.0-0' ]
52 silly lockFile 662cf98c-csv-0-4-0 csv@^0.4.0
53 verbose lock csv@^0.4.0 /root/.npm/662cf98c-csv-0-4-0.lock
54 verbose cache add name="fs" spec="0.0.2" args=["fs","0.0.2"]
55 verbose parsed url { protocol: null,
55 verbose parsed url   slashes: null,
55 verbose parsed url   auth: null,
55 verbose parsed url   host: null,
55 verbose parsed url   port: null,
55 verbose parsed url   hostname: null,
55 verbose parsed url   hash: null,
55 verbose parsed url   search: null,
55 verbose parsed url   query: null,
55 verbose parsed url   pathname: '0.0.2',
55 verbose parsed url   path: '0.0.2',
55 verbose parsed url   href: '0.0.2' }
56 verbose addNamed [ 'fs', '0.0.2' ]
57 verbose addNamed [ '0.0.2', '0.0.2' ]
58 silly lockFile afea0479-fs-0-0-2 fs@0.0.2
59 verbose lock fs@0.0.2 /root/.npm/afea0479-fs-0-0-2.lock
60 verbose cache add name="body-parser" spec="~1.0.1" args=["body-parser","~1.0.1"]
61 verbose parsed url { protocol: null,
61 verbose parsed url   slashes: null,
61 verbose parsed url   auth: null,
61 verbose parsed url   host: null,
61 verbose parsed url   port: null,
61 verbose parsed url   hostname: null,
61 verbose parsed url   hash: null,
61 verbose parsed url   search: null,
61 verbose parsed url   query: null,
61 verbose parsed url   pathname: '~1.0.1',
61 verbose parsed url   path: '~1.0.1',
61 verbose parsed url   href: '~1.0.1' }
62 verbose addNamed [ 'body-parser', '~1.0.1' ]
63 verbose addNamed [ null, '>=1.0.1-0 <1.1.0-0' ]
64 silly lockFile ed7f1d4f-body-parser-1-0-1 body-parser@~1.0.1
65 verbose lock body-parser@~1.0.1 /root/.npm/ed7f1d4f-body-parser-1-0-1.lock
66 verbose cache add name="connect-busboy" spec="0.0.2" args=["connect-busboy","0.0.2"]
67 verbose parsed url { protocol: null,
67 verbose parsed url   slashes: null,
67 verbose parsed url   auth: null,
67 verbose parsed url   host: null,
67 verbose parsed url   port: null,
67 verbose parsed url   hostname: null,
67 verbose parsed url   hash: null,
67 verbose parsed url   search: null,
67 verbose parsed url   query: null,
67 verbose parsed url   pathname: '0.0.2',
67 verbose parsed url   path: '0.0.2',
67 verbose parsed url   href: '0.0.2' }
68 verbose addNamed [ 'connect-busboy', '0.0.2' ]
69 verbose addNamed [ '0.0.2', '0.0.2' ]
70 silly lockFile c20ce0a4-connect-busboy-0-0-2 connect-busboy@0.0.2
71 verbose lock connect-busboy@0.0.2 /root/.npm/c20ce0a4-connect-busboy-0-0-2.lock
72 silly lockFile 662cf98c-csv-0-4-0 csv@^0.4.0
73 error Error: Attempt to unlock csv@^0.4.0, which hasn't been locked
73 error     at unlock (/usr/local/lib/node_modules/npm/lib/utils/locker.js:44:11)
73 error     at cb (/usr/local/lib/node_modules/npm/lib/cache/add-named.js:32:5)
73 error     at /usr/local/lib/node_modules/npm/lib/cache/add-named.js:41:20
73 error     at /usr/local/lib/node_modules/npm/lib/utils/locker.js:30:7
73 error     at cb (/usr/local/lib/node_modules/npm/node_modules/lockfile/lockfile.js:149:38)
73 error     at /usr/local/lib/node_modules/npm/node_modules/lockfile/lockfile.js:177:38
73 error     at Object.oncomplete (fs.js:107:15)
74 error If you need help, you may report this *entire* log,
74 error including the npm and node versions, at:
74 error     <http://github.com/npm/npm/issues>
75 error System Linux 3.2.0-4-amd64
76 error command "/usr/local/bin/node" "/usr/local/bin/npm" "install"
77 error cwd /var/www/clients/client1/web26/web
78 error node -v v0.10.32
79 error npm -v 1.4.28
80 verbose exit [ 1, true ]
